<?xml version="1.0" encoding="UTF-8"?>
<!-- Generated by org.testng.reporters.JUnitReportReporter -->
<testsuite hostname="LAPTOP-PA83I7AP" failures="0" tests="1" name="com.app.movil.test.BaseTestAppium" time="19.224" errors="0" timestamp="2021-02-01T00:40:42 CST" skipped="0">
  <testcase classname="com.app.movil.test.BaseTestAppium" name="testing" time="19.224"/>
  <system-out/>
</testsuite> <!-- com.app.movil.test.BaseTestAppium -->
