<?xml version="1.0" encoding="UTF-8"?>
<!-- Generated by org.testng.reporters.JUnitReportReporter -->
<testsuite hostname="LAPTOP-PA83I7AP" failures="0" tests="1" name="com.app.movil.test.ScriptMobile" time="18.844" errors="0" timestamp="2021-02-01T10:01:30 CST" skipped="0">
  <testcase classname="com.app.movil.test.ScriptMobile" name="testing" time="18.844"/>
  <system-out/>
</testsuite> <!-- com.app.movil.test.ScriptMobile -->
