<?xml version="1.0" encoding="UTF-8"?>
<!-- Generated by org.testng.reporters.JUnitReportReporter -->
<testsuite hostname="LAPTOP-PA83I7AP" failures="0" tests="2" name="com.app.mobile.test.Test_Login_Application" time="102.447" errors="0" timestamp="2021-02-01T18:48:44 CST" skipped="0">
  <testcase classname="com.app.mobile.test.Test_Login_Application" name="Test_Login_Application_Sucess" time="61.109"/>
  <system-out/>
  <testcase classname="com.app.mobile.test.Test_Login_Application" name="Test_Login_Application_Negative" time="41.338"/>
  <system-out/>
</testsuite> <!-- com.app.mobile.test.Test_Login_Application -->
